<?xml version="1.0" encoding="UTF-8"?>
<!-- Generated by org.testng.reporters.JUnitXMLReporter -->
<testsuite ignored="0" hostname="LAPTOP-576F71HH" failures="1" tests="1" name="Test" time="10.214" errors="0" timestamp="2024-07-25T12:51:24 IST">
  <testcase classname="listeners.TestScript" name="login" time="4.59">
    <failure type="java.lang.AssertionError" message="Home page is not displayed expected [Demo Web Shop] but found [Demo Web Shop. Login]">
      <![CDATA[java.lang.AssertionError: Home page is not displayed expected [Demo Web Shop] but found [Demo Web Shop. Login]
at listeners.TestScript.login(TestScript.java:27)
at java.base/java.util.ArrayList.forEach(ArrayList.java:1596)
... Removed 30 stack frames]]>
    </failure>
  </testcase> <!-- login -->
</testsuite> <!-- Test -->
