<?xml version="1.0" encoding="UTF-8"?>
<testng-results ignored="0" total="1" passed="1" failed="0" skipped="0">
  <reporter-output>
  </reporter-output>
  <suite started-at="2024-08-30T18:29:42 IST" name="Default suite" finished-at="2024-08-30T18:29:47 IST" duration-ms="5303">
    <groups>
    </groups>
    <test started-at="2024-08-30T18:29:42 IST" name="Default test" finished-at="2024-08-30T18:29:47 IST" duration-ms="5303">
      <class name="cssInfoTech.ProFeaturesScreenshot">
        <test-method signature="getScreenshotOfWebPage()[pri:0, instance:cssInfoTech.ProFeaturesScreenshot@34b7ac2f]" started-at="2024-08-30T18:29:42 IST" name="getScreenshotOfWebPage" finished-at="2024-08-30T18:29:47 IST" duration-ms="5272" status="PASS">
          <reporter-output>
          </reporter-output>
        </test-method> <!-- getScreenshotOfWebPage -->
      </class> <!-- cssInfoTech.ProFeaturesScreenshot -->
    </test> <!-- Default test -->
  </suite> <!-- Default suite -->
</testng-results>
